PRT1
25
50
4 0 5 (0 1024 -128 ) (0 1024 128 ) (0 1071 128 ) (0 1071 -128 ) 
4 0 4 (0 1071 128 ) (0 1072 128 ) (0 1072 -128 ) (0 1071 -128 ) 
4 0 1 (192 1024 -128 ) (512 1024 -128 ) (512 1024 128 ) (192 1024 128 ) 
4 0 3 (0 1024 128 ) (0 1024 -128 ) (192 1024 -128 ) (192 1024 128 ) 
4 1 3 (192 1024 -128 ) (192 384 -128 ) (192 384 128 ) (192 1024 128 ) 
4 2 18 (512 0 128 ) (192 0 128 ) (192 0 -128 ) (512 0 -128 ) 
4 2 3 (192 320 -128 ) (192 0 -128 ) (192 0 128 ) (192 320 128 ) 
4 3 18 (192 0 128 ) (32 0 128 ) (32 0 -128 ) (192 0 -128 ) 
4 3 21 (32 0 128 ) (0 0 128 ) (0 0 -128 ) (32 0 -128 ) 
4 3 15 (0 48 128 ) (0 80 128 ) (0 80 -80 ) (0 48 -80 ) 
4 3 17 (0 0 -128 ) (0 0 128 ) (0 48 128 ) (0 48 -128 ) 
4 3 8 (0 864 128 ) (0 1024 128 ) (0 1024 -128 ) (0 864 -128 ) 
4 3 9 (0 80 128 ) (0 864 128 ) (0 864 -128 ) (0 80 -128 ) 
4 4 6 (-256 1072 128 ) (-256 1072 -32 ) (-256 1071 -32 ) (-256 1071 128 ) 
4 4 7 (-256 1072 -127.344009 ) (-256 1072 -128 ) (-256 1071 -128 ) (-256 1071 -127.344009 ) 
5 4 5 (-256 1071 128 ) (-256 1071 -32 ) (-80 1071 -128 ) (0 1071 -128 ) (0 1071 128 ) 
5 5 8 (0 1024 -128 ) (0 1024 128 ) (-256 1024 128 ) (-256 1024 -32 ) (-80 1024 -128 ) 
4 5 6 (-256 1024 -32 ) (-256 1024 128 ) (-256 1071 128 ) (-256 1071 -32 ) 
4 6 11 (-512 1024 0 ) (-512 1024 -32 ) (-256 1024 -32 ) (-256 1024 0 ) 
4 6 10 (-256 1024 128 ) (-512 1024 128 ) (-512 1024 0 ) (-256 1024 0 ) 
4 7 13 (-512 1024 -127.344009 ) (-512 1024 -128 ) (-256 1024 -128 ) (-256 1024 -127.344009 ) 
4 8 11 (-256 1024 0 ) (-256 1024 -32 ) (-256 864 -32 ) (-256 864 0 ) 
4 8 10 (-256 1024 128 ) (-256 1024 0 ) (-256 864 0 ) (-256 864 128 ) 
5 8 9 (0 864 128 ) (-256 864 128 ) (-256 864 -32 ) (-80 864 -128 ) (0 864 -128 ) 
4 9 15 (0 80 -80 ) (0 80 128 ) (-192 80 128 ) (-192 80 -80 ) 
4 9 13 (-256 864 -128 ) (-256 352 -128 ) (-256 352 -127.344009 ) (-256 864 -127.344009 ) 
4 9 14 (-256 352 -128 ) (-256 80 -128 ) (-256 80 -32 ) (-256 352 -32 ) 
4 9 11 (-256 368 0 ) (-256 864 0 ) (-256 864 -32 ) (-256 368 -32 ) 
4 9 12 (-256 80 -32 ) (-256 80 0 ) (-256 352 0 ) (-256 352 -32 ) 
4 9 10 (-256 80 0 ) (-256 80 128 ) (-256 864 128 ) (-256 864 0 ) 
4 10 16 (-512 80 128 ) (-512 80 0 ) (-320 80 0 ) (-320 80 128 ) 
4 10 11 (-256 1024 0 ) (-256 368 0 ) (-512 368 0 ) (-512 1024 0 ) 
4 10 12 (-256 352 0 ) (-256 80 0 ) (-512 80 0 ) (-512 352 0 ) 
4 12 16 (-512 80 0 ) (-512 80 -32 ) (-320 80 -32 ) (-320 80 0 ) 
4 12 14 (-256 352 -32 ) (-256 80 -32 ) (-512 80 -32 ) (-512 352 -32 ) 
4 13 14 (-256 352 -128 ) (-256 352 -127.344009 ) (-512 352 -127.344009 ) (-512 352 -128 ) 
4 14 16 (-512 80 -32 ) (-512 80 -80 ) (-320 80 -80 ) (-320 80 -32 ) 
4 15 17 (0 48 128 ) (-192 48 128 ) (-192 48 -80 ) (0 48 -80 ) 
4 16 17 (-320 48 128 ) (-512 48 128 ) (-512 48 -80 ) (-320 48 -80 ) 
4 17 23 (0 0 -128 ) (0 0 128 ) (-512 0 128 ) (-512 0 -128 ) 
4 18 19 (32 -256 128 ) (32 -256 -80 ) (512 -256 -80 ) (512 -256 128 ) 
4 18 21 (32 0 -128 ) (32 -256 -128 ) (32 -256 128 ) (32 0 128 ) 
4 19 21 (32 -288 -80 ) (32 -288 128 ) (32 -256 128 ) (32 -256 -80 ) 
4 19 20 (32 -288 128 ) (32 -288 -80 ) (512 -288 -80 ) (512 -288 128 ) 
4 20 22 (512 -1024 128 ) (32 -1024 128 ) (32 -1024 -128 ) (512 -1024 -128 ) 
4 20 21 (32 -288 -128 ) (32 -1024 -128 ) (32 -1024 128 ) (32 -288 128 ) 
4 21 23 (0 0 128 ) (0 0 -128 ) (0 -1024 -128 ) (0 -1024 128 ) 
4 21 22 (32 -1024 128 ) (0 -1024 128 ) (0 -1024 -128 ) (32 -1024 -128 ) 
4 22 24 (0 -1072 128 ) (0 -1024 128 ) (0 -1024 -128 ) (0 -1072 -128 ) 
4 23 24 (0 -1024 -128 ) (0 -1024 128 ) (-512 -1024 128 ) (-512 -1024 -128 ) 
