PRT1
146
408
4 1 14 (723 1024 123 ) (723 1024 1080 ) (0 1024 1080 ) (0 1024 123 ) 
4 1 3 (0 1024 123 ) (0 1024 1080 ) (0 1338 1080 ) (0 1338 123 ) 
4 1 2 (0 1338 123 ) (723 1338 123 ) (723 1024 123 ) (0 1024 123 ) 
4 2 55 (723 1024 -134 ) (723 1024 -102 ) (0 1024 -102 ) (0 1024 -134 ) 
4 2 45 (160 1024 -70 ) (0 1024 -70 ) (0 1024 -102 ) (160 1024 -102 ) 
4 2 43 (723 1024 -102 ) (723 1024 -70 ) (160 1024 -70 ) (160 1024 -102 ) 
4 2 36 (24 1024 58 ) (0 1024 58 ) (0 1024 -70 ) (24 1024 -70 ) 
4 2 34 (24 1024 -40 ) (24 1024 -70 ) (66 1024 -70 ) (66 1024 -40 ) 
4 2 29 (24 1024 38 ) (24 1024 -40 ) (66 1024 -40 ) (66 1024 38 ) 
4 2 27 (66 1024 58 ) (24 1024 58 ) (24 1024 38 ) (66 1024 38 ) 
4 2 25 (152 1024 58 ) (66 1024 58 ) (66 1024 -70 ) (152 1024 -70 ) 
4 2 24 (160 1024 58 ) (152 1024 58 ) (152 1024 -70 ) (160 1024 -70 ) 
4 2 22 (723 1024 -70 ) (723 1024 58 ) (160 1024 58 ) (160 1024 -70 ) 
4 2 21 (84 1024 66 ) (0 1024 66 ) (0 1024 58 ) (84 1024 58 ) 
4 2 18 (160 1024 66 ) (84 1024 66 ) (84 1024 58 ) (160 1024 58 ) 
4 2 16 (723 1024 58 ) (723 1024 66 ) (160 1024 66 ) (160 1024 58 ) 
4 2 15 (723 1024 66 ) (723 1024 123 ) (0 1024 123 ) (0 1024 66 ) 
4 2 13 (0 1024 -134 ) (0 1024 -113 ) (0 1338 -113 ) (0 1338 -134 ) 
4 2 10 (0 1024 -113 ) (0 1024 -104 ) (0 1338 -104 ) (0 1338 -113 ) 
4 2 5 (0 1024 -104 ) (0 1024 -3 ) (0 1338 -3 ) (0 1338 -104 ) 
4 2 4 (0 1024 -3 ) (0 1024 123 ) (0 1338 123 ) (0 1338 -3 ) 
4 3 104 (0 1024 123 ) (0 1024 1080 ) (-414 1024 1080 ) (-414 1024 123 ) 
4 3 4 (0 1024 123 ) (-414 1024 123 ) (-414 1338 123 ) (0 1338 123 ) 
4 4 112 (-12 1024 58 ) (-414 1024 58 ) (-414 1024 -3 ) (-12 1024 -3 ) 
4 4 111 (-8 1024 58 ) (-12 1024 58 ) (-12 1024 -3 ) (-8 1024 -3 ) 
4 4 108 (0 1024 -3 ) (0 1024 58 ) (-8 1024 58 ) (-8 1024 -3 ) 
4 4 106 (0 1024 58 ) (0 1024 66 ) (-12 1024 66 ) (-12 1024 58 ) 
4 4 107 (-12 1024 66 ) (-414 1024 66 ) (-414 1024 58 ) (-12 1024 58 ) 
4 4 105 (0 1024 66 ) (0 1024 123 ) (-414 1024 123 ) (-414 1024 66 ) 
4 4 6 (-273 1227 -3 ) (-273 1338 -3 ) (-265 1338 -3 ) (-265 1227 -3 ) 
4 4 8 (-265 1024 -3 ) (-273 1024 -3 ) (-273 1219 -3 ) (-265 1219 -3 ) 
4 4 5 (0 1024 -3 ) (-265 1024 -3 ) (-265 1338 -3 ) (0 1338 -3 ) 
4 4 9 (-273 1024 -3 ) (-414 1024 -3 ) (-414 1338 -3 ) (-273 1338 -3 ) 
4 5 115 (-12 1024 -70 ) (-265 1024 -70 ) (-265 1024 -104 ) (-12 1024 -104 ) 
4 5 113 (0 1024 -104 ) (0 1024 -70 ) (-12 1024 -70 ) (-12 1024 -104 ) 
4 5 112 (-12 1024 -3 ) (-265 1024 -3 ) (-265 1024 -70 ) (-12 1024 -70 ) 
4 5 111 (-8 1024 -3 ) (-12 1024 -3 ) (-12 1024 -70 ) (-8 1024 -70 ) 
4 5 108 (0 1024 -70 ) (0 1024 -3 ) (-8 1024 -3 ) (-8 1024 -70 ) 
4 5 10 (0 1338 -104 ) (0 1024 -104 ) (-265 1024 -104 ) (-265 1338 -104 ) 
4 5 7 (-265 1227 -99 ) (-265 1227 -104 ) (-265 1219 -104 ) (-265 1219 -99 ) 
4 5 6 (-265 1227 -3 ) (-265 1338 -3 ) (-265 1338 -104 ) (-265 1227 -104 ) 
4 5 8 (-265 1024 -3 ) (-265 1219 -3 ) (-265 1219 -104 ) (-265 1024 -104 ) 
4 6 10 (-273 1227 -104 ) (-273 1338 -104 ) (-265 1338 -104 ) (-265 1227 -104 ) 
4 6 7 (-273 1227 -99 ) (-273 1227 -104 ) (-265 1227 -104 ) (-265 1227 -99 ) 
4 6 9 (-273 1227 -3 ) (-273 1338 -3 ) (-273 1338 -104 ) (-273 1227 -104 ) 
4 7 10 (-273 1219 -104 ) (-273 1227 -104 ) (-265 1227 -104 ) (-265 1219 -104 ) 
4 7 9 (-273 1227 -99 ) (-273 1227 -104 ) (-273 1219 -104 ) (-273 1219 -99 ) 
4 7 8 (-273 1219 -99 ) (-273 1219 -104 ) (-265 1219 -104 ) (-265 1219 -99 ) 
4 8 115 (-273 1024 -70 ) (-273 1024 -104 ) (-265 1024 -104 ) (-265 1024 -70 ) 
4 8 112 (-265 1024 -3 ) (-273 1024 -3 ) (-273 1024 -70 ) (-265 1024 -70 ) 
4 8 10 (-265 1024 -104 ) (-273 1024 -104 ) (-273 1219 -104 ) (-265 1219 -104 ) 
4 8 9 (-273 1024 -3 ) (-273 1219 -3 ) (-273 1219 -104 ) (-273 1024 -104 ) 
4 9 115 (-414 1024 -70 ) (-414 1024 -104 ) (-273 1024 -104 ) (-273 1024 -70 ) 
4 9 112 (-273 1024 -3 ) (-414 1024 -3 ) (-414 1024 -70 ) (-273 1024 -70 ) 
4 9 11 (-301 1024 -104 ) (-392 1024 -104 ) (-392 1338 -104 ) (-301 1338 -104 ) 
4 9 10 (-273 1024 -104 ) (-301 1024 -104 ) (-301 1338 -104 ) (-273 1338 -104 ) 
4 9 12 (-392 1024 -104 ) (-414 1024 -104 ) (-414 1338 -104 ) (-392 1338 -104 ) 
4 10 120 (0 1024 -113 ) (0 1024 -104 ) (-301 1024 -104 ) (-301 1024 -113 ) 
4 10 13 (0 1024 -113 ) (-301 1024 -113 ) (-301 1338 -113 ) (0 1338 -113 ) 
4 10 11 (-301 1338 -104 ) (-301 1338 -113 ) (-301 1024 -113 ) (-301 1024 -104 ) 
4 11 121 (-301 1024 -104 ) (-392 1024 -104 ) (-392 1024 -113 ) (-301 1024 -113 ) 
4 11 13 (-301 1024 -113 ) (-392 1024 -113 ) (-392 1338 -113 ) (-301 1338 -113 ) 
4 11 12 (-392 1338 -104 ) (-392 1338 -113 ) (-392 1024 -113 ) (-392 1024 -104 ) 
4 12 123 (-392 1024 -104 ) (-414 1024 -104 ) (-414 1024 -113 ) (-392 1024 -113 ) 
4 12 13 (-392 1024 -113 ) (-414 1024 -113 ) (-414 1338 -113 ) (-392 1338 -113 ) 
4 13 122 (-301 1024 -113 ) (-392 1024 -113 ) (-392 1024 -134 ) (-301 1024 -134 ) 
4 13 120 (0 1024 -134 ) (0 1024 -113 ) (-301 1024 -113 ) (-301 1024 -134 ) 
4 13 123 (-392 1024 -113 ) (-414 1024 -113 ) (-414 1024 -134 ) (-392 1024 -134 ) 
4 14 104 (0 1024 1080 ) (0 1024 123 ) (0 0 123 ) (0 0 1080 ) 
4 14 56 (0 0 1080 ) (0 0 123 ) (723 0 123 ) (723 0 1080 ) 
4 14 15 (0 1024 123 ) (723 1024 123 ) (723 0 123 ) (0 0 123 ) 
4 15 105 (0 1024 123 ) (0 1024 66 ) (0 0 66 ) (0 0 123 ) 
4 15 57 (0 0 123 ) (0 0 66 ) (723 0 66 ) (723 0 123 ) 
4 15 21 (0 562 66 ) (0 1024 66 ) (84 1024 66 ) (84 562 66 ) 
4 15 20 (84 130 66 ) (84 386 66 ) (124 386 66 ) (124 130 66 ) 
4 15 19 (160 386 66 ) (160 0 66 ) (124 0 66 ) (124 386 66 ) 
4 15 18 (84 1024 66 ) (160 1024 66 ) (160 562 66 ) (84 562 66 ) 
4 15 16 (160 1024 66 ) (723 1024 66 ) (723 562 66 ) (160 562 66 ) 
4 15 17 (723 546 66 ) (723 0 66 ) (160 0 66 ) (160 546 66 ) 
4 16 22 (160 562 58 ) (160 1024 58 ) (723 1024 58 ) (723 562 58 ) 
4 16 18 (160 1024 58 ) (160 562 58 ) (160 562 66 ) (160 1024 66 ) 
4 17 59 (300 0 66 ) (160 0 66 ) (160 0 58 ) (300 0 58 ) 
4 17 58 (723 0 66 ) (300 0 66 ) (300 0 58 ) (723 0 58 ) 
4 17 40 (723 0 58 ) (160 0 58 ) (160 130 58 ) (723 130 58 ) 
4 17 38 (160 130 58 ) (160 402 58 ) (723 402 58 ) (723 130 58 ) 
4 17 23 (160 402 58 ) (160 546 58 ) (723 546 58 ) (723 402 58 ) 
4 17 19 (160 386 58 ) (160 0 58 ) (160 0 66 ) (160 386 66 ) 
4 18 25 (84 562 58 ) (84 1024 58 ) (152 1024 58 ) (152 562 58 ) 
4 18 24 (152 1024 58 ) (160 1024 58 ) (160 562 58 ) (152 562 58 ) 
4 18 21 (84 1024 58 ) (84 562 58 ) (84 562 66 ) (84 1024 66 ) 
4 19 59 (160 0 66 ) (124 0 66 ) (124 0 58 ) (160 0 58 ) 
4 19 40 (160 0 58 ) (124 0 58 ) (124 130 58 ) (160 130 58 ) 
4 19 39 (124 130 58 ) (124 386 58 ) (160 386 58 ) (160 130 58 ) 
4 19 20 (124 386 66 ) (124 386 58 ) (124 130 58 ) (124 130 66 ) 
4 20 39 (84 130 58 ) (84 386 58 ) (124 386 58 ) (124 130 58 ) 
4 21 106 (0 1024 66 ) (0 1024 58 ) (0 562 58 ) (0 562 66 ) 
4 21 36 (0 562 58 ) (0 1024 58 ) (24 1024 58 ) (24 562 58 ) 
4 21 27 (24 1024 58 ) (66 1024 58 ) (66 562 58 ) (24 562 58 ) 
4 21 25 (66 1024 58 ) (84 1024 58 ) (84 562 58 ) (66 562 58 ) 
4 22 43 (160 1024 -70 ) (723 1024 -70 ) (723 562 -70 ) (160 562 -70 ) 
4 22 24 (160 1024 -70 ) (160 562 -70 ) (160 562 58 ) (160 1024 58 ) 
4 23 44 (723 546 -70 ) (723 402 -70 ) (160 402 -70 ) (160 546 -70 ) 
4 23 38 (160 402 -70 ) (723 402 -70 ) (723 402 58 ) (160 402 58 ) 
4 24 45 (152 1024 -70 ) (160 1024 -70 ) (160 562 -70 ) (152 562 -70 ) 
4 24 25 (152 1024 -70 ) (152 562 -70 ) (152 562 58 ) (152 1024 58 ) 
4 25 45 (66 1024 -70 ) (152 1024 -70 ) (152 562 -70 ) (66 562 -70 ) 
4 25 34 (66 1024 -70 ) (66 562 -70 ) (66 562 -40 ) (66 1024 -40 ) 
4 25 29 (66 562 -40 ) (66 562 38 ) (66 1024 38 ) (66 1024 -40 ) 
4 25 27 (66 562 38 ) (66 562 58 ) (66 1024 58 ) (66 1024 38 ) 
4 26 35 (66 554 -70 ) (66 402 -70 ) (66 402 -40 ) (66 554 -40 ) 
4 26 33 (66 402 -40 ) (66 402 38 ) (66 554 38 ) (66 554 -40 ) 
4 26 28 (66 402 38 ) (66 402 58 ) (66 554 58 ) (66 554 38 ) 
4 27 36 (24 562 58 ) (24 1024 58 ) (24 1024 38 ) (24 562 38 ) 
4 27 29 (24 562 38 ) (24 1024 38 ) (66 1024 38 ) (66 562 38 ) 
4 28 41 (24 402 42 ) (24 402 38 ) (60 402 38 ) (60 402 42 ) 
4 28 37 (24 402 38 ) (24 402 58 ) (24 554 58 ) (24 554 38 ) 
4 28 33 (24 402 38 ) (24 554 38 ) (66 554 38 ) (66 402 38 ) 
4 29 36 (24 562 38 ) (24 1024 38 ) (24 1024 -40 ) (24 562 -40 ) 
4 29 34 (24 562 -40 ) (24 1024 -40 ) (66 1024 -40 ) (66 562 -40 ) 
4 29 30 (24 562 -40 ) (66 562 -40 ) (66 562 38 ) (24 562 38 ) 
4 30 31 (24 560 -40 ) (66 560 -40 ) (66 560 38 ) (24 560 38 ) 
4 31 32 (24 556 -40 ) (66 556 -40 ) (66 556 38 ) (24 556 38 ) 
4 32 33 (24 555 -40 ) (66 555 -40 ) (66 555 38 ) (24 555 38 ) 
4 33 41 (60 402 38 ) (24 402 38 ) (24 402 -40 ) (60 402 -40 ) 
4 33 37 (24 402 -40 ) (24 402 38 ) (24 554 38 ) (24 554 -40 ) 
4 33 35 (24 402 -40 ) (24 554 -40 ) (66 554 -40 ) (66 402 -40 ) 
4 34 45 (24 1024 -70 ) (66 1024 -70 ) (66 562 -70 ) (24 562 -70 ) 
4 34 36 (24 1024 -70 ) (24 562 -70 ) (24 562 -40 ) (24 1024 -40 ) 
4 35 41 (24 402 -70 ) (60 402 -70 ) (60 402 -40 ) (24 402 -40 ) 
4 35 37 (24 554 -70 ) (24 402 -70 ) (24 402 -40 ) (24 554 -40 ) 
4 36 108 (0 1024 58 ) (0 1024 -70 ) (0 562 -70 ) (0 562 58 ) 
4 36 45 (0 562 -70 ) (0 1024 -70 ) (24 1024 -70 ) (24 562 -70 ) 
4 37 109 (0 554 -70 ) (0 402 -70 ) (0 402 58 ) (0 554 58 ) 
4 37 41 (4 402 -70 ) (24 402 -70 ) (24 402 42 ) (4 402 42 ) 
4 38 44 (160 402 -70 ) (723 402 -70 ) (723 130 -70 ) (160 130 -70 ) 
4 38 40 (160 130 -70 ) (723 130 -70 ) (723 130 58 ) (160 130 58 ) 
4 38 39 (160 386 -70 ) (160 130 -70 ) (160 130 58 ) (160 386 58 ) 
4 39 48 (160 386 -70 ) (160 130 -70 ) (84 130 -70 ) (84 386 -70 ) 
4 39 40 (124 130 -70 ) (160 130 -70 ) (160 130 58 ) (124 130 58 ) 
4 40 66 (300 0 58 ) (124 0 58 ) (124 0 -70 ) (300 0 -70 ) 
4 40 65 (723 0 58 ) (300 0 58 ) (300 0 -70 ) (723 0 -70 ) 
4 40 49 (160 0 -70 ) (124 0 -70 ) (124 130 -70 ) (160 130 -70 ) 
4 40 44 (723 130 -70 ) (723 0 -70 ) (160 0 -70 ) (160 130 -70 ) 
4 41 42 (4 394 -70 ) (60 394 -70 ) (60 394 42 ) (4 394 42 ) 
4 42 110 (0 394 -70 ) (0 0 -70 ) (0 0 58 ) (0 394 58 ) 
4 42 68 (56 0 58 ) (0 0 58 ) (0 0 -70 ) (56 0 -70 ) 
4 42 67 (68 0 58 ) (56 0 58 ) (56 0 -70 ) (68 0 -70 ) 
4 43 55 (160 562 -102 ) (160 1024 -102 ) (723 1024 -102 ) (723 562 -102 ) 
4 43 45 (160 1024 -102 ) (160 562 -102 ) (160 562 -70 ) (160 1024 -70 ) 
4 44 86 (292 0 -70 ) (160 0 -70 ) (160 0 -102 ) (292 0 -102 ) 
4 44 85 (300 0 -70 ) (292 0 -70 ) (292 0 -102 ) (300 0 -102 ) 
4 44 84 (723 0 -70 ) (300 0 -70 ) (300 0 -102 ) (723 0 -102 ) 
4 44 55 (723 0 -102 ) (160 0 -102 ) (160 546 -102 ) (723 546 -102 ) 
4 44 49 (160 130 -102 ) (160 0 -102 ) (160 0 -70 ) (160 130 -70 ) 
4 44 48 (160 386 -102 ) (160 130 -102 ) (160 130 -70 ) (160 386 -70 ) 
4 45 113 (0 1024 -70 ) (0 1024 -102 ) (0 562 -102 ) (0 562 -70 ) 
4 45 55 (0 562 -102 ) (0 1024 -102 ) (160 1024 -102 ) (160 562 -102 ) 
4 46 116 (0 554 -102 ) (0 402 -102 ) (0 402 -78 ) (0 554 -78 ) 
4 46 55 (0 402 -102 ) (0 554 -102 ) (152 554 -102 ) (152 402 -102 ) 
4 46 54 (0 402 -102 ) (68 402 -102 ) (68 402 -78 ) (0 402 -78 ) 
4 46 51 (76 402 -102 ) (84 402 -102 ) (84 402 -78 ) (76 402 -78 ) 
4 46 53 (68 402 -102 ) (76 402 -102 ) (76 402 -78 ) (68 402 -78 ) 
4 46 47 (84 402 -102 ) (152 402 -102 ) (152 402 -78 ) (84 402 -78 ) 
4 47 55 (84 394 -102 ) (84 402 -102 ) (152 402 -102 ) (152 394 -102 ) 
4 47 51 (84 402 -70 ) (84 402 -102 ) (84 394 -102 ) (84 394 -70 ) 
4 48 55 (84 130 -102 ) (84 386 -102 ) (160 386 -102 ) (160 130 -102 ) 
4 48 49 (124 130 -102 ) (160 130 -102 ) (160 130 -70 ) (124 130 -70 ) 
4 49 86 (160 0 -70 ) (124 0 -70 ) (124 0 -102 ) (160 0 -102 ) 
4 49 55 (160 0 -102 ) (124 0 -102 ) (124 130 -102 ) (160 130 -102 ) 
4 50 88 (116 0 -70 ) (84 0 -70 ) (84 0 -102 ) (116 0 -102 ) 
4 50 55 (116 0 -102 ) (84 0 -102 ) (84 122 -102 ) (116 122 -102 ) 
4 50 52 (84 122 -102 ) (84 0 -102 ) (84 0 -70 ) (84 122 -70 ) 
4 51 55 (76 386 -102 ) (76 402 -102 ) (84 402 -102 ) (84 386 -102 ) 
4 51 53 (76 402 -70 ) (76 402 -102 ) (76 386 -102 ) (76 386 -70 ) 
4 52 88 (84 0 -70 ) (76 0 -70 ) (76 0 -102 ) (84 0 -102 ) 
4 52 55 (84 0 -102 ) (76 0 -102 ) (76 130 -102 ) (84 130 -102 ) 
4 52 53 (76 130 -102 ) (76 0 -102 ) (76 0 -70 ) (76 130 -70 ) 
4 53 88 (76 0 -70 ) (68 0 -70 ) (68 0 -102 ) (76 0 -102 ) 
4 53 55 (76 0 -102 ) (68 0 -102 ) (68 402 -102 ) (76 402 -102 ) 
4 53 54 (68 402 -78 ) (68 402 -102 ) (68 0 -102 ) (68 0 -78 ) 
4 54 117 (0 402 -102 ) (0 0 -102 ) (0 0 -78 ) (0 402 -78 ) 
4 54 89 (0 0 -78 ) (0 0 -102 ) (68 0 -102 ) (68 0 -78 ) 
4 54 55 (68 0 -102 ) (0 0 -102 ) (0 402 -102 ) (68 402 -102 ) 
4 55 120 (0 1024 -104 ) (0 1024 -134 ) (0 0 -134 ) (0 0 -104 ) 
4 55 117 (0 402 -104 ) (0 0 -104 ) (0 0 -102 ) (0 402 -102 ) 
4 55 116 (0 554 -104 ) (0 402 -104 ) (0 402 -102 ) (0 554 -102 ) 
4 55 114 (0 562 -104 ) (0 554 -104 ) (0 554 -102 ) (0 562 -102 ) 
4 55 113 (0 1024 -102 ) (0 1024 -104 ) (0 562 -104 ) (0 562 -102 ) 
4 55 103 (723 0 -134 ) (723 0 -102 ) (0 0 -102 ) (0 0 -134 ) 
4 56 124 (0 0 1080 ) (0 0 123 ) (0 -710 123 ) (0 -710 1080 ) 
4 56 57 (0 0 123 ) (723 0 123 ) (723 -710 123 ) (0 -710 123 ) 
4 57 125 (0 0 123 ) (0 0 66 ) (0 -710 66 ) (0 -710 123 ) 
4 57 63 (723 -467 66 ) (723 -710 66 ) (239 -710 66 ) (239 -467 66 ) 
4 57 64 (0 -710 66 ) (0 -382 66 ) (239 -382 66 ) (239 -710 66 ) 
4 57 61 (140 -318 66 ) (140 -382 66 ) (60 -382 66 ) (60 -318 66 ) 
4 57 62 (0 -382 66 ) (0 -174 66 ) (60 -174 66 ) (60 -382 66 ) 
4 57 60 (300 -174 66 ) (723 -174 66 ) (723 -382 66 ) (300 -382 66 ) 
4 57 59 (124 0 66 ) (300 0 66 ) (300 -22 66 ) (124 -22 66 ) 
4 57 58 (300 0 66 ) (723 0 66 ) (723 -174 66 ) (300 -174 66 ) 
4 58 70 (723 -38 58 ) (723 -174 58 ) (300 -174 58 ) (300 -38 58 ) 
4 58 65 (300 0 58 ) (723 0 58 ) (723 -38 58 ) (300 -38 58 ) 
4 58 60 (300 -174 58 ) (723 -174 58 ) (723 -174 66 ) (300 -174 66 ) 
4 58 59 (300 0 58 ) (300 -22 58 ) (300 -22 66 ) (300 0 66 ) 
4 59 66 (124 0 58 ) (300 0 58 ) (300 -22 58 ) (124 -22 58 ) 
4 60 74 (300 -174 58 ) (723 -174 58 ) (723 -382 58 ) (300 -382 58 ) 
4 61 83 (140 -318 58 ) (140 -382 58 ) (60 -382 58 ) (60 -318 58 ) 
4 61 64 (60 -382 58 ) (140 -382 58 ) (140 -382 66 ) (60 -382 66 ) 
4 61 62 (60 -318 58 ) (60 -382 58 ) (60 -382 66 ) (60 -318 66 ) 
4 62 127 (0 -382 66 ) (0 -174 66 ) (0 -174 58 ) (0 -382 58 ) 
4 62 83 (0 -382 58 ) (0 -318 58 ) (60 -318 58 ) (60 -382 58 ) 
4 62 82 (0 -318 58 ) (0 -310 58 ) (60 -310 58 ) (60 -318 58 ) 
4 62 81 (0 -310 58 ) (0 -174 58 ) (60 -174 58 ) (60 -310 58 ) 
4 62 64 (0 -382 58 ) (60 -382 58 ) (60 -382 66 ) (0 -382 66 ) 
4 63 76 (723 -467 58 ) (723 -710 58 ) (239 -710 58 ) (239 -467 58 ) 
4 63 64 (239 -467 58 ) (239 -710 58 ) (239 -710 66 ) (239 -467 66 ) 
4 64 127 (0 -710 66 ) (0 -382 66 ) (0 -382 58 ) (0 -710 58 ) 
4 64 83 (0 -710 58 ) (0 -382 58 ) (140 -382 58 ) (140 -710 58 ) 
4 64 79 (140 -382 58 ) (148 -382 58 ) (148 -710 58 ) (140 -710 58 ) 
4 64 77 (148 -382 58 ) (239 -382 58 ) (239 -710 58 ) (148 -710 58 ) 
4 65 84 (300 0 -70 ) (723 0 -70 ) (723 -38 -70 ) (300 -38 -70 ) 
4 65 70 (300 -38 -70 ) (723 -38 -70 ) (723 -38 58 ) (300 -38 58 ) 
4 65 66 (300 0 -70 ) (300 -22 -70 ) (300 -22 58 ) (300 0 58 ) 
4 66 86 (124 0 -70 ) (292 0 -70 ) (292 -22 -70 ) (124 -22 -70 ) 
4 66 85 (292 0 -70 ) (300 0 -70 ) (300 -22 -70 ) (292 -22 -70 ) 
4 67 68 (56 0 -70 ) (56 -30 -70 ) (56 -30 58 ) (56 0 58 ) 
4 68 128 (0 -30 58 ) (0 0 58 ) (0 0 -70 ) (0 -30 -70 ) 
4 68 69 (0 -30 -70 ) (56 -30 -70 ) (56 -30 42 ) (0 -30 42 ) 
4 69 72 (0 -38 -70 ) (56 -38 -70 ) (56 -38 42 ) (0 -38 42 ) 
4 70 84 (300 -38 -70 ) (723 -38 -70 ) (723 -174 -70 ) (300 -174 -70 ) 
4 70 74 (300 -174 -70 ) (723 -174 -70 ) (723 -174 58 ) (300 -174 58 ) 
4 71 72 (252 -38 58 ) (252 -38 -70 ) (252 -166 -70 ) (252 -166 58 ) 
4 72 131 (0 -166 58 ) (0 -134 58 ) (0 -134 -70 ) (0 -166 -70 ) 
4 72 129 (0 -134 58 ) (0 -38 58 ) (0 -38 -70 ) (0 -134 -70 ) 
4 72 73 (184 -166 -70 ) (252 -166 -70 ) (252 -166 42 ) (184 -166 42 ) 
4 73 75 (184 -174 -70 ) (252 -174 -70 ) (252 -174 42 ) (184 -174 42 ) 
4 74 94 (300 -174 -70 ) (723 -174 -70 ) (723 -382 -70 ) (300 -382 -70 ) 
4 75 78 (148 -202 -70 ) (148 -258 -70 ) (148 -258 42 ) (148 -202 42 ) 
4 76 96 (723 -467 -70 ) (723 -710 -70 ) (239 -710 -70 ) (239 -467 -70 ) 
4 76 77 (239 -467 -70 ) (239 -710 -70 ) (239 -710 58 ) (239 -467 58 ) 
4 77 97 (239 -710 -70 ) (148 -710 -70 ) (148 -382 -70 ) (239 -382 -70 ) 
4 77 79 (148 -382 -70 ) (148 -710 -70 ) (148 -710 58 ) (148 -382 58 ) 
4 78 80 (140 -202 -70 ) (140 -258 -70 ) (140 -258 42 ) (140 -202 42 ) 
4 79 102 (148 -382 -70 ) (148 -710 -70 ) (140 -710 -70 ) (140 -382 -70 ) 
4 79 83 (140 -382 -70 ) (140 -710 -70 ) (140 -710 58 ) (140 -382 58 ) 
4 81 132 (0 -310 58 ) (0 -174 58 ) (0 -174 -70 ) (0 -310 -70 ) 
4 81 100 (0 -310 -70 ) (0 -174 -70 ) (60 -174 -70 ) (60 -310 -70 ) 
4 81 82 (0 -310 -70 ) (60 -310 -70 ) (60 -310 58 ) (0 -310 58 ) 
4 82 132 (0 -318 58 ) (0 -310 58 ) (0 -310 -70 ) (0 -318 -70 ) 
4 82 100 (0 -318 -70 ) (0 -310 -70 ) (60 -310 -70 ) (60 -318 -70 ) 
4 82 83 (0 -318 -70 ) (60 -318 -70 ) (60 -318 58 ) (0 -318 58 ) 
4 83 132 (0 -710 58 ) (0 -318 58 ) (0 -318 -70 ) (0 -710 -70 ) 
4 83 102 (0 -710 -70 ) (0 -382 -70 ) (140 -382 -70 ) (140 -710 -70 ) 
4 83 101 (0 -382 -70 ) (0 -318 -70 ) (140 -318 -70 ) (140 -382 -70 ) 
4 84 103 (300 0 -102 ) (723 0 -102 ) (723 -174 -102 ) (300 -174 -102 ) 
4 84 94 (300 -174 -102 ) (723 -174 -102 ) (723 -174 -70 ) (300 -174 -70 ) 
4 84 85 (300 0 -102 ) (300 -22 -102 ) (300 -22 -70 ) (300 0 -70 ) 
4 85 103 (292 0 -102 ) (300 0 -102 ) (300 -22 -102 ) (292 -22 -102 ) 
4 85 86 (292 0 -102 ) (292 -22 -102 ) (292 -22 -70 ) (292 0 -70 ) 
4 86 103 (124 0 -102 ) (292 0 -102 ) (292 -22 -102 ) (124 -22 -102 ) 
4 87 103 (124 -22 -102 ) (124 -30 -102 ) (116 -30 -102 ) (116 -22 -102 ) 
4 87 90 (116 -30 -102 ) (124 -30 -102 ) (124 -30 -70 ) (116 -30 -70 ) 
4 87 88 (116 -22 -102 ) (116 -30 -102 ) (116 -30 -70 ) (116 -22 -70 ) 
4 88 103 (68 0 -102 ) (116 0 -102 ) (116 -30 -102 ) (68 -30 -102 ) 
4 88 92 (68 -30 -102 ) (84 -30 -102 ) (84 -30 -78 ) (68 -30 -78 ) 
4 88 90 (84 -30 -102 ) (116 -30 -102 ) (116 -30 -70 ) (84 -30 -70 ) 
4 88 89 (68 0 -102 ) (68 -30 -102 ) (68 -30 -78 ) (68 0 -78 ) 
4 89 134 (0 0 -78 ) (0 0 -102 ) (0 -30 -102 ) (0 -30 -78 ) 
4 89 103 (0 -30 -102 ) (0 0 -102 ) (68 0 -102 ) (68 -30 -102 ) 
4 89 92 (0 -30 -102 ) (68 -30 -102 ) (68 -30 -78 ) (0 -30 -78 ) 
4 90 103 (84 -30 -102 ) (292 -30 -102 ) (292 -38 -102 ) (84 -38 -102 ) 
4 90 92 (84 -30 -78 ) (84 -30 -102 ) (84 -38 -102 ) (84 -38 -78 ) 
4 90 91 (84 -38 -78 ) (84 -38 -102 ) (292 -38 -102 ) (292 -38 -78 ) 
4 91 103 (292 -38 -102 ) (292 -174 -102 ) (84 -174 -102 ) (84 -38 -102 ) 
4 91 98 (84 -174 -102 ) (148 -174 -102 ) (148 -174 -78 ) (84 -174 -78 ) 
4 91 95 (148 -174 -102 ) (292 -174 -102 ) (292 -174 -78 ) (148 -174 -78 ) 
4 91 93 (84 -166 -102 ) (84 -174 -102 ) (84 -174 -78 ) (84 -166 -78 ) 
4 91 92 (84 -38 -102 ) (84 -166 -102 ) (84 -166 -78 ) (84 -38 -78 ) 
4 92 137 (0 -30 -78 ) (0 -30 -102 ) (0 -166 -102 ) (0 -166 -78 ) 
4 92 103 (0 -166 -102 ) (0 -30 -102 ) (84 -30 -102 ) (84 -166 -102 ) 
4 92 93 (68 -166 -102 ) (84 -166 -102 ) (84 -166 -78 ) (68 -166 -78 ) 
4 93 103 (68 -166 -102 ) (84 -166 -102 ) (84 -174 -102 ) (68 -174 -102 ) 
4 93 98 (68 -174 -102 ) (84 -174 -102 ) (84 -174 -78 ) (68 -174 -78 ) 
4 94 103 (300 -174 -102 ) (723 -174 -102 ) (723 -382 -102 ) (300 -382 -102 ) 
4 95 103 (148 -374 -102 ) (148 -174 -102 ) (292 -174 -102 ) (292 -374 -102 ) 
4 95 99 (148 -310 -102 ) (148 -318 -102 ) (148 -318 -78 ) (148 -310 -78 ) 
4 95 98 (148 -174 -78 ) (148 -174 -102 ) (148 -310 -102 ) (148 -310 -78 ) 
4 96 103 (723 -467 -102 ) (723 -710 -102 ) (239 -710 -102 ) (239 -467 -102 ) 
4 96 97 (239 -467 -102 ) (239 -710 -102 ) (239 -710 -70 ) (239 -467 -70 ) 
4 97 103 (148 -710 -102 ) (148 -382 -102 ) (239 -382 -102 ) (239 -710 -102 ) 
4 97 102 (148 -382 -102 ) (148 -710 -102 ) (148 -710 -70 ) (148 -382 -70 ) 
4 98 103 (68 -174 -102 ) (148 -174 -102 ) (148 -310 -102 ) (68 -310 -102 ) 
4 98 99 (140 -310 -102 ) (148 -310 -102 ) (148 -310 -78 ) (140 -310 -78 ) 
4 99 103 (148 -310 -102 ) (148 -318 -102 ) (140 -318 -102 ) (140 -310 -102 ) 
4 100 141 (0 -318 -70 ) (0 -174 -70 ) (0 -174 -102 ) (0 -318 -102 ) 
4 100 103 (0 -318 -102 ) (0 -174 -102 ) (60 -174 -102 ) (60 -318 -102 ) 
4 100 101 (0 -318 -102 ) (60 -318 -102 ) (60 -318 -70 ) (0 -318 -70 ) 
4 101 141 (0 -382 -70 ) (0 -318 -70 ) (0 -318 -102 ) (0 -382 -102 ) 
4 101 103 (0 -382 -102 ) (0 -318 -102 ) (140 -318 -102 ) (140 -382 -102 ) 
4 101 102 (0 -382 -102 ) (140 -382 -102 ) (140 -382 -70 ) (0 -382 -70 ) 
4 102 141 (0 -710 -70 ) (0 -382 -70 ) (0 -382 -102 ) (0 -710 -102 ) 
4 102 103 (0 -710 -102 ) (0 -382 -102 ) (148 -382 -102 ) (148 -710 -102 ) 
4 103 145 (0 0 -113 ) (0 0 -134 ) (0 -710 -134 ) (0 -710 -113 ) 
4 103 142 (0 0 -104 ) (0 0 -113 ) (0 -710 -113 ) (0 -710 -104 ) 
4 103 141 (0 -710 -102 ) (0 -174 -102 ) (0 -174 -104 ) (0 -710 -104 ) 
4 103 139 (0 -174 -102 ) (0 -166 -102 ) (0 -166 -104 ) (0 -174 -104 ) 
4 103 137 (0 -166 -102 ) (0 -30 -102 ) (0 -30 -104 ) (0 -166 -104 ) 
4 103 134 (0 -30 -102 ) (0 0 -102 ) (0 0 -104 ) (0 -30 -104 ) 
4 104 124 (0 0 123 ) (0 0 1080 ) (-414 0 1080 ) (-414 0 123 ) 
4 104 105 (0 0 123 ) (-414 0 123 ) (-414 1024 123 ) (0 1024 123 ) 
4 105 125 (0 0 66 ) (0 0 123 ) (-414 0 123 ) (-414 0 66 ) 
4 105 106 (-12 562 66 ) (-12 1024 66 ) (0 1024 66 ) (0 562 66 ) 
4 105 107 (-12 0 66 ) (-414 0 66 ) (-414 1024 66 ) (-12 1024 66 ) 
4 106 111 (-12 562 58 ) (-12 1024 58 ) (-8 1024 58 ) (-8 562 58 ) 
4 106 108 (-8 1024 58 ) (0 1024 58 ) (0 562 58 ) (-8 562 58 ) 
4 106 107 (-12 1024 58 ) (-12 562 58 ) (-12 562 66 ) (-12 1024 66 ) 
4 107 126 (-12 0 66 ) (-414 0 66 ) (-414 0 58 ) (-12 0 58 ) 
4 107 112 (-12 0 58 ) (-414 0 58 ) (-414 1024 58 ) (-12 1024 58 ) 
4 108 113 (-8 1024 -70 ) (0 1024 -70 ) (0 562 -70 ) (-8 562 -70 ) 
4 108 111 (-8 1024 -70 ) (-8 562 -70 ) (-8 562 58 ) (-8 1024 58 ) 
4 110 128 (0 0 -70 ) (0 0 58 ) (-8 0 58 ) (-8 0 -70 ) 
4 111 113 (-12 1024 -70 ) (-8 1024 -70 ) (-8 562 -70 ) (-12 562 -70 ) 
4 111 112 (-12 1024 -70 ) (-12 562 -70 ) (-12 562 58 ) (-12 1024 58 ) 
4 112 133 (-12 0 58 ) (-414 0 58 ) (-414 0 -70 ) (-12 0 -70 ) 
4 112 119 (-12 554 -70 ) (-12 0 -70 ) (-414 0 -70 ) (-414 554 -70 ) 
4 112 115 (-414 1024 -70 ) (-12 1024 -70 ) (-12 554 -70 ) (-414 554 -70 ) 
4 113 120 (-12 1024 -104 ) (0 1024 -104 ) (0 562 -104 ) (-12 562 -104 ) 
4 113 115 (-12 1024 -104 ) (-12 562 -104 ) (-12 562 -70 ) (-12 1024 -70 ) 
4 113 114 (-12 562 -102 ) (-12 562 -104 ) (0 562 -104 ) (0 562 -102 ) 
4 114 120 (0 562 -104 ) (0 554 -104 ) (-12 554 -104 ) (-12 562 -104 ) 
4 114 118 (-12 554 -104 ) (-8 554 -104 ) (-8 554 -102 ) (-12 554 -102 ) 
4 114 116 (-8 554 -104 ) (0 554 -104 ) (0 554 -102 ) (-8 554 -102 ) 
4 114 115 (-12 562 -104 ) (-12 554 -104 ) (-12 554 -102 ) (-12 562 -102 ) 
4 115 121 (-392 1024 -104 ) (-301 1024 -104 ) (-301 554 -104 ) (-392 554 -104 ) 
4 115 120 (-301 1024 -104 ) (-12 1024 -104 ) (-12 554 -104 ) (-301 554 -104 ) 
4 115 123 (-414 1024 -104 ) (-392 1024 -104 ) (-392 554 -104 ) (-414 554 -104 ) 
4 115 119 (-414 554 -104 ) (-12 554 -104 ) (-12 554 -70 ) (-414 554 -70 ) 
4 116 120 (-8 402 -104 ) (-8 554 -104 ) (0 554 -104 ) (0 402 -104 ) 
4 116 118 (-8 554 -102 ) (-8 554 -104 ) (-8 402 -104 ) (-8 402 -102 ) 
4 116 117 (-8 402 -78 ) (-8 402 -104 ) (0 402 -104 ) (0 402 -78 ) 
4 117 134 (0 0 -104 ) (0 0 -78 ) (-8 0 -78 ) (-8 0 -104 ) 
4 117 120 (0 0 -104 ) (-8 0 -104 ) (-8 402 -104 ) (0 402 -104 ) 
4 117 118 (-8 402 -104 ) (-8 0 -104 ) (-8 0 -102 ) (-8 402 -102 ) 
4 118 135 (-12 0 -102 ) (-12 0 -104 ) (-8 0 -104 ) (-8 0 -102 ) 
4 118 120 (-8 0 -104 ) (-12 0 -104 ) (-12 554 -104 ) (-8 554 -104 ) 
4 118 119 (-12 554 -102 ) (-12 554 -104 ) (-12 0 -104 ) (-12 0 -102 ) 
4 119 136 (-12 0 -70 ) (-414 0 -70 ) (-414 0 -104 ) (-12 0 -104 ) 
4 119 121 (-301 0 -104 ) (-392 0 -104 ) (-392 554 -104 ) (-301 554 -104 ) 
4 119 120 (-12 0 -104 ) (-301 0 -104 ) (-301 554 -104 ) (-12 554 -104 ) 
4 119 123 (-392 0 -104 ) (-414 0 -104 ) (-414 554 -104 ) (-392 554 -104 ) 
4 120 145 (0 0 -134 ) (0 0 -113 ) (-301 0 -113 ) (-301 0 -134 ) 
4 120 142 (0 0 -113 ) (0 0 -104 ) (-301 0 -104 ) (-301 0 -113 ) 
4 120 122 (-301 1024 -134 ) (-301 0 -134 ) (-301 0 -113 ) (-301 1024 -113 ) 
4 120 121 (-301 0 -113 ) (-301 0 -104 ) (-301 1024 -104 ) (-301 1024 -113 ) 
4 121 143 (-301 0 -104 ) (-392 0 -104 ) (-392 0 -113 ) (-301 0 -113 ) 
4 121 123 (-392 0 -113 ) (-392 0 -104 ) (-392 1024 -104 ) (-392 1024 -113 ) 
4 121 122 (-392 0 -113 ) (-392 1024 -113 ) (-301 1024 -113 ) (-301 0 -113 ) 
4 122 145 (-392 0 -113 ) (-392 0 -134 ) (-301 0 -134 ) (-301 0 -113 ) 
4 122 123 (-392 1024 -134 ) (-392 0 -134 ) (-392 0 -113 ) (-392 1024 -113 ) 
4 123 145 (-414 0 -113 ) (-414 0 -134 ) (-392 0 -134 ) (-392 0 -113 ) 
4 123 144 (-392 0 -104 ) (-414 0 -104 ) (-414 0 -113 ) (-392 0 -113 ) 
4 124 125 (0 -710 123 ) (-414 -710 123 ) (-414 0 123 ) (0 0 123 ) 
4 125 126 (-414 -174 66 ) (-414 0 66 ) (-12 0 66 ) (-12 -174 66 ) 
4 125 127 (0 -710 66 ) (-414 -710 66 ) (-414 -174 66 ) (0 -174 66 ) 
4 126 133 (-414 0 58 ) (-12 0 58 ) (-12 -174 58 ) (-414 -174 58 ) 
4 126 127 (-12 -174 66 ) (-414 -174 66 ) (-414 -174 58 ) (-12 -174 58 ) 
4 127 133 (-12 -710 58 ) (-414 -710 58 ) (-414 -174 58 ) (-12 -174 58 ) 
4 127 132 (0 -174 58 ) (0 -710 58 ) (-12 -710 58 ) (-12 -174 58 ) 
4 129 131 (-4 -134 -70 ) (0 -134 -70 ) (0 -134 58 ) (-4 -134 58 ) 
4 129 130 (-4 -38 38 ) (-4 -38 -70 ) (-4 -134 -70 ) (-4 -134 38 ) 
4 130 133 (-12 -38 -70 ) (-12 -134 -70 ) (-12 -134 38 ) (-12 -38 38 ) 
4 132 141 (-12 -710 -70 ) (-12 -174 -70 ) (0 -174 -70 ) (0 -710 -70 ) 
4 132 133 (-12 -174 -70 ) (-12 -710 -70 ) (-12 -710 58 ) (-12 -174 58 ) 
4 133 141 (-414 -710 -70 ) (-414 -174 -70 ) (-12 -174 -70 ) (-12 -710 -70 ) 
4 133 140 (-414 -174 -70 ) (-414 -166 -70 ) (-12 -166 -70 ) (-12 -174 -70 ) 
4 133 138 (-414 -166 -70 ) (-414 -30 -70 ) (-12 -30 -70 ) (-12 -166 -70 ) 
4 133 136 (-414 -30 -70 ) (-414 0 -70 ) (-12 0 -70 ) (-12 -30 -70 ) 
4 134 142 (-8 0 -104 ) (0 0 -104 ) (0 -30 -104 ) (-8 -30 -104 ) 
4 134 137 (-8 -30 -104 ) (0 -30 -104 ) (0 -30 -78 ) (-8 -30 -78 ) 
4 134 135 (-8 0 -104 ) (-8 -30 -104 ) (-8 -30 -102 ) (-8 0 -102 ) 
4 135 142 (-12 0 -104 ) (-8 0 -104 ) (-8 -30 -104 ) (-12 -30 -104 ) 
4 135 137 (-12 -30 -104 ) (-8 -30 -104 ) (-8 -30 -102 ) (-12 -30 -102 ) 
4 135 136 (-12 0 -104 ) (-12 -30 -104 ) (-12 -30 -102 ) (-12 0 -102 ) 
4 136 143 (-392 0 -104 ) (-301 0 -104 ) (-301 -30 -104 ) (-392 -30 -104 ) 
4 136 142 (-301 0 -104 ) (-12 0 -104 ) (-12 -30 -104 ) (-301 -30 -104 ) 
4 136 144 (-414 0 -104 ) (-392 0 -104 ) (-392 -30 -104 ) (-414 -30 -104 ) 
4 136 138 (-414 -30 -104 ) (-12 -30 -104 ) (-12 -30 -70 ) (-414 -30 -70 ) 
4 137 142 (0 -30 -104 ) (0 -166 -104 ) (-12 -166 -104 ) (-12 -30 -104 ) 
4 137 139 (-12 -166 -104 ) (0 -166 -104 ) (0 -166 -102 ) (-12 -166 -102 ) 
4 137 138 (-12 -30 -78 ) (-12 -30 -104 ) (-12 -166 -104 ) (-12 -166 -78 ) 
4 138 143 (-301 -166 -104 ) (-392 -166 -104 ) (-392 -30 -104 ) (-301 -30 -104 ) 
4 138 142 (-12 -166 -104 ) (-301 -166 -104 ) (-301 -30 -104 ) (-12 -30 -104 ) 
4 138 144 (-392 -166 -104 ) (-414 -166 -104 ) (-414 -30 -104 ) (-392 -30 -104 ) 
4 138 140 (-414 -166 -104 ) (-12 -166 -104 ) (-12 -166 -70 ) (-414 -166 -70 ) 
4 139 142 (0 -166 -104 ) (0 -174 -104 ) (-12 -174 -104 ) (-12 -166 -104 ) 
4 139 141 (-12 -174 -104 ) (0 -174 -104 ) (0 -174 -102 ) (-12 -174 -102 ) 
4 139 140 (-12 -166 -102 ) (-12 -166 -104 ) (-12 -174 -104 ) (-12 -174 -102 ) 
4 140 143 (-301 -174 -104 ) (-392 -174 -104 ) (-392 -166 -104 ) (-301 -166 -104 ) 
4 140 142 (-12 -174 -104 ) (-301 -174 -104 ) (-301 -166 -104 ) (-12 -166 -104 ) 
4 140 144 (-392 -174 -104 ) (-414 -174 -104 ) (-414 -166 -104 ) (-392 -166 -104 ) 
4 140 141 (-414 -174 -70 ) (-414 -174 -104 ) (-12 -174 -104 ) (-12 -174 -70 ) 
4 141 143 (-301 -710 -104 ) (-392 -710 -104 ) (-392 -174 -104 ) (-301 -174 -104 ) 
4 141 142 (0 -174 -104 ) (0 -710 -104 ) (-301 -710 -104 ) (-301 -174 -104 ) 
4 141 144 (-392 -710 -104 ) (-414 -710 -104 ) (-414 -174 -104 ) (-392 -174 -104 ) 
4 142 145 (0 -710 -113 ) (-301 -710 -113 ) (-301 0 -113 ) (0 0 -113 ) 
4 142 143 (-301 0 -113 ) (-301 -710 -113 ) (-301 -710 -104 ) (-301 0 -104 ) 
4 143 145 (-301 -710 -113 ) (-392 -710 -113 ) (-392 0 -113 ) (-301 0 -113 ) 
4 143 144 (-392 0 -113 ) (-392 -710 -113 ) (-392 -710 -104 ) (-392 0 -104 ) 
4 144 145 (-392 -710 -113 ) (-414 -710 -113 ) (-414 0 -113 ) (-392 0 -113 ) 
